EyptBeacon/build/outputs/logs/manifest-merger-debug-report.txt
-- Merging decision tree log ---
manifest
ADDED from AndroidSVN\AXABeacon\AndroidManifest.xml:2:1-57:12
	package
		ADDED from AndroidSVN\AXABeacon\AndroidManifest.xml:3:5-32
	android:versionName
		ADDED from AndroidSVN\AXABeacon\AndroidManifest.xml:5:5-32
		INJECTED from AndroidSVN\AXABeacon\AndroidManifest.xml
		INJECTED from AndroidSVN\AXABeacon\AndroidManifest.xml
	android:versionCode
		ADDED from AndroidSVN\AXABeacon\AndroidManifest.xml:4:5-29
		INJECTED from AndroidSVN\AXABeacon\AndroidManifest.xml
		INJECTED from AndroidSVN\AXABeacon\AndroidManifest.xml
	xmlns:android
		ADDED from AndroidSVN\AXABeacon\AndroidManifest.xml:2:11-69
uses-sdk
ADDED from AndroidSVN\AXABeacon\AndroidManifest.xml:7:5-9:41
	android:targetSdkVersion
		ADDED from AndroidSVN\AXABeacon\AndroidManifest.xml:9:9-38
	android:minSdkVersion
		ADDED from AndroidSVN\AXABeacon\AndroidManifest.xml:8:9-35
uses-feature#android.hardware.bluetooth_le
ADDED from AndroidSVN\AXABeacon\AndroidManifest.xml:11:5-13:35
	android:required
		ADDED from AndroidSVN\AXABeacon\AndroidManifest.xml:13:9-32
	android:name
		ADDED from AndroidSVN\AXABeacon\AndroidManifest.xml:12:9-53
uses-permission#android.permission.BLUETOOTH
ADDED from AndroidSVN\AXABeacon\AndroidManifest.xml:15:5-68
	android:name
		ADDED from AndroidSVN\AXABeacon\AndroidManifest.xml:15:22-65
uses-permission#android.permission.BLUETOOTH_ADMIN
ADDED from AndroidSVN\AXABeacon\AndroidManifest.xml:16:5-74
	android:name
		ADDED from AndroidSVN\AXABeacon\AndroidManifest.xml:16:22-71
uses-permission#android.bluetooth.device.action.FOUND
ADDED from AndroidSVN\AXABeacon\AndroidManifest.xml:17:5-77
	android:name
		ADDED from AndroidSVN\AXABeacon\AndroidManifest.xml:17:22-74
application
ADDED from AndroidSVN\AXABeacon\AndroidManifest.xml:19:5-55:19
	android:label
		ADDED from AndroidSVN\AXABeacon\AndroidManifest.xml:23:9-41
	android:allowBackup
		ADDED from AndroidSVN\AXABeacon\AndroidManifest.xml:21:9-35
	android:icon
		ADDED from AndroidSVN\AXABeacon\AndroidManifest.xml:22:9-40
	android:theme
		ADDED from AndroidSVN\AXABeacon\AndroidManifest.xml:24:9-40
	android:name
		ADDED from AndroidSVN\AXABeacon\AndroidManifest.xml:20:9-59
activity#com.axaet.activity.SplashActivity
ADDED from AndroidSVN\AXABeacon\AndroidManifest.xml:25:9-34:20
	android:screenOrientation
		ADDED from AndroidSVN\AXABeacon\AndroidManifest.xml:27:13-49
	android:theme
		ADDED from AndroidSVN\AXABeacon\AndroidManifest.xml:28:13-50
	android:name
		ADDED from AndroidSVN\AXABeacon\AndroidManifest.xml:26:13-61
intent-filter#android.intent.action.MAIN+android.intent.category.LAUNCHER
ADDED from AndroidSVN\AXABeacon\AndroidManifest.xml:29:13-33:29
action#android.intent.action.MAIN
ADDED from AndroidSVN\AXABeacon\AndroidManifest.xml:30:17-69
	android:name
		ADDED from AndroidSVN\AXABeacon\AndroidManifest.xml:30:25-66
category#android.intent.category.LAUNCHER
ADDED from AndroidSVN\AXABeacon\AndroidManifest.xml:32:17-77
	android:name
		ADDED from AndroidSVN\AXABeacon\AndroidManifest.xml:32:27-74
activity#com.axaet.activity.ScanActivity
ADDED from AndroidSVN\AXABeacon\AndroidManifest.xml:35:9-38:20
	android:screenOrientation
		ADDED from AndroidSVN\AXABeacon\AndroidManifest.xml:37:13-49
	android:name
		ADDED from AndroidSVN\AXABeacon\AndroidManifest.xml:36:13-59
activity#com.axaet.activity.SensorActivity
ADDED from AndroidSVN\AXABeacon\AndroidManifest.xml:39:9-42:20
	android:screenOrientation
		ADDED from AndroidSVN\AXABeacon\AndroidManifest.xml:41:13-49
	android:name
		ADDED from AndroidSVN\AXABeacon\AndroidManifest.xml:40:13-61
activity#com.axaet.activity.ModifyPasswoedActivity
ADDED from AndroidSVN\AXABeacon\AndroidManifest.xml:43:9-46:20
	android:screenOrientation
		ADDED from AndroidSVN\AXABeacon\AndroidManifest.xml:45:13-49
	android:name
		ADDED from AndroidSVN\AXABeacon\AndroidManifest.xml:44:13-69
activity#com.axaet.activity.ModifyiBeaconActivity
ADDED from AndroidSVN\AXABeacon\AndroidManifest.xml:47:9-50:20
	android:screenOrientation
		ADDED from AndroidSVN\AXABeacon\AndroidManifest.xml:49:13-49
	android:name
		ADDED from AndroidSVN\AXABeacon\AndroidManifest.xml:48:13-68
service#com.axaet.service.BluetoothLeService
ADDED from AndroidSVN\AXABeacon\AndroidManifest.xml:52:9-54:38
	android:enabled
		ADDED from AndroidSVN\AXABeacon\AndroidManifest.xml:54:13-35
	android:name
		ADDED from AndroidSVN\AXABeacon\AndroidManifest.xml:53:13-64